<?xml version="1.0" encoding="UTF-8"?>
<testsuite xmlns:xsi="http://www.w3.org/2001/XMLSchema-instance" xsi:noNamespaceSchemaLocation="https://maven.apache.org/surefire/maven-surefire-plugin/xsd/surefire-test-report-3.0.xsd" version="3.0" name="test.TestJUnit5FailingInBeforeAll" time="0.016" tests="1" errors="0" skipped="0" failures="1">
  <properties>
[...]
</properties>
  <testcase name="" classname="test.TestJUnit5FailingInBeforeAll" time="0.016">
    <failure type="org.opentest4j.AssertionFailedError"><![CDATA[org.opentest4j.AssertionFailedError: Failure in @BeforeAll method
	at test.TestJUnit5FailingInBeforeAll.setup(TestJUnit5FailingInBeforeAll.java:14)
]]></failure>
    <system-out><![CDATA[In setup...
]]></system-out>
  </testcase>
</testsuite>