<?xml version="1.0" encoding="UTF-8"?>
<testsuite name="Sample Test Suite" tests="10" failures="2" errors="1" skipped="1" time="1.234">
  <testcase classname="com.example.tests.LoginTest" name="testSuccessfulLogin" time="0.123"/>
  <testcase classname="com.example.tests.LoginTest" name="testInvalidPassword" time="0.098">
    <failure message="Expected password error" type="AssertionError">
java.lang.AssertionError: Expected password error
    at com.example.tests.LoginTest.testInvalidPassword(LoginTest.java:45)
    </failure>
  </testcase>
  <testcase classname="com.example.tests.LoginTest" name="testEmptyUsername" time="0.067">
    <failure message="Expected username error" type="AssertionError">
java.lang.AssertionError: Expected username error
    at com.example.tests.LoginTest.testEmptyUsername(LoginTest.java:67)
    </failure>
  </testcase>
  <testcase classname="com.example.tests.DashboardTest" name="testLoadDashboard" time="0.234"/>
  <testcase classname="com.example.tests.DashboardTest" name="testWidgetDisplay" time="0.156"/>
  <testcase classname="com.example.tests.DashboardTest" name="testDataRefresh" time="0.089">
    <skipped message="Feature not yet implemented"/>
  </testcase>
  <testcase classname="com.example.tests.APITest" name="testGetUser" time="0.178"/>
  <testcase classname="com.example.tests.APITest" name="testCreateUser" time="0.145"/>
  <testcase classname="com.example.tests.APITest" name="testUpdateUser" time="0.123"/>
  <testcase classname="com.example.tests.APITest" name="testDeleteUser" time="0.021">
    <error message="Database connection failed" type="SQLException">
java.sql.SQLException: Database connection failed
    at com.example.tests.APITest.testDeleteUser(APITest.java:123)
    </error>
  </testcase>
</testsuite>
